<?xml version="1.0" encoding="UTF-8"?>
<testng-results ignored="0" total="1" passed="1" failed="0" skipped="0">
  <reporter-output>
  </reporter-output>
  <suite started-at="2022-04-24T18:44:36 IST" name="Default suite" finished-at="2022-04-24T18:44:54 IST" duration-ms="18184">
    <groups>
    </groups>
    <test started-at="2022-04-24T18:44:36 IST" name="Default test" finished-at="2022-04-24T18:44:54 IST" duration-ms="18184">
      <class name="dsoseleniumtest1.FirstSeleniumTest">
        <test-method signature="facebookLogin()[pri:0, instance:dsoseleniumtest1.FirstSeleniumTest@2beee7ff]" started-at="2022-04-24T18:44:36 IST" name="facebookLogin" finished-at="2022-04-24T18:44:54 IST" duration-ms="18140" status="PASS">
          <reporter-output>
          </reporter-output>
        </test-method> <!-- facebookLogin -->
      </class> <!-- dsoseleniumtest1.FirstSeleniumTest -->
    </test> <!-- Default test -->
  </suite> <!-- Default suite -->
</testng-results>
